#
# There is insufficient memory for the Java Runtime Environment to continue.
# Native memory allocation (malloc) failed to allocate 1048576 bytes for AllocateHeap
# Possible reasons:
#   The system is out of physical RAM or swap space
#   The process is running with CompressedOops enabled, and the Java Heap may be blocking the growth of the native heap
# Possible solutions:
#   Reduce memory load on the system
#   Increase physical memory or swap space
#   Check if swap backing store is full
#   Decrease Java heap size (-Xmx/-Xms)
#   Decrease number of Java threads
#   Decrease Java thread stack sizes (-Xss)
#   Set larger code cache with -XX:ReservedCodeCacheSize=
#   JVM is running with Zero Based Compressed Oops mode in which the Java heap is
#     placed in the first 32GB address space. The Java Heap base address is the
#     maximum limit for the native heap growth. Please use -XX:HeapBaseMinAddress
#     to set the Java Heap base and to place the Java Heap above 32GB virtual address.
# This output file may be truncated or incomplete.
#
#  Out of Memory Error (memory/allocation.inline.hpp:61), pid=6004, tid=0x000000000000245c
#
# JRE version:  (8.0_322-b06) (build )
# Java VM: OpenJDK 64-Bit Server VM (25.322-b06 mixed mode windows-amd64 compressed oops)
# Failed to write core dump. Minidumps are not enabled by default on client versions of Windows
#

---------------  T H R E A D  ---------------

Current thread (0x000002a6bd24a000):  JavaThread "Unknown thread" [_thread_in_vm, id=9308, stack(0x000000af97900000,0x000000af97a00000)]

Stack: [0x000000af97900000,0x000000af97a00000]
[error occurred during error reporting (printing stack bounds), id 0xc0000005]

Native frames: (J=compiled Java code, j=interpreted, Vv=VM code, C=native code)


---------------  P R O C E S S  ---------------

Java Threads: ( => current thread )

Other Threads:

=>0x000002a6bd24a000 (exited) JavaThread "Unknown thread" [_thread_in_vm, id=9308, stack(0x000000af97900000,0x000000af97a00000)]

VM state:not at safepoint (normal execution)

VM Mutex/Monitor currently owned by a thread: None

heap address: 0x00000006c1e00000, size: 4066 MB, Compressed Oops mode: Zero based, Oop shift amount: 3
Narrow klass base: 0x0000000000000000, Narrow klass shift: 3
Compressed class space size: 1073741824 Address: 0x00000007c0000000

Heap:
 PSYoungGen      total 76288K, used 1310K [0x000000076b500000, 0x0000000770a00000, 0x00000007c0000000)
  eden space 65536K, 2% used [0x000000076b500000,0x000000076b647af0,0x000000076f500000)
  from space 10752K, 0% used [0x000000076ff80000,0x000000076ff80000,0x0000000770a00000)
  to   space 10752K, 0% used [0x000000076f500000,0x000000076f500000,0x000000076ff80000)
 ParOldGen       total 175104K, used 0K [0x00000006c1e00000, 0x00000006cc900000, 0x000000076b500000)
  object space 175104K, 0% used [0x00000006c1e00000,0x00000006c1e00000,0x00000006cc900000)
 Metaspace       used 782K, capacity 4480K, committed 4480K, reserved 1056768K
  class space    used 76K, capacity 384K, committed 384K, reserved 1048576K

Card table byte_map: [0x000002a6cdea0000,0x000002a6ce6a0000] byte_map_base: 0x000002a6ca891000

Marking Bits: (ParMarkBitMap*) 0x00000000574a2850
 Begin Bits: [0x000002a6cebf0000, 0x000002a6d2b78000)
 End Bits:   [0x000002a6d2b78000, 0x000002a6d6b00000)

Polling page: 0x000002a6beab0000

CodeCache: size=245760Kb used=328Kb max_used=328Kb free=245431Kb
 bounds [0x000002a6beae0000, 0x000002a6bed50000, 0x000002a6cdae0000]
 total_blobs=57 nmethods=0 adapters=38
 compilation: enabled

Compilation events (0 events):
No events

GC Heap History (0 events):
No events

Deoptimization events (0 events):
No events

Classes redefined (0 events):
No events

Internal exceptions (0 events):
No events

Events (10 events):
Event: 0.015 loading class java/lang/Short
Event: 0.016 loading class java/lang/Short done
Event: 0.016 loading class java/lang/Integer
Event: 0.016 loading class java/lang/Integer done
Event: 0.016 loading class java/lang/Long
Event: 0.016 loading class java/lang/Long done
Event: 0.016 loading class java/lang/NullPointerException
Event: 0.016 loading class java/lang/NullPointerException done
Event: 0.016 loading class java/lang/ArithmeticException
Event: 0.016 loading class java/lang/ArithmeticException done


Dynamic libraries:
0x00007ff7d9ba0000 - 0x00007ff7d9bda000 	C:\Program Files\Eclipse Adoptium\jdk-8.0.322.6-hotspot\bin\java.exe
0x00007ffa410d0000 - 0x00007ffa412c5000 	C:\WINDOWS\SYSTEM32\ntdll.dll
0x00007ffa3fb30000 - 0x00007ffa3fbee000 	C:\WINDOWS\System32\KERNEL32.DLL
0x00007ffa3ee40000 - 0x00007ffa3f108000 	C:\WINDOWS\System32\KERNELBASE.dll
0x00007ffa3ff20000 - 0x00007ffa3ffce000 	C:\WINDOWS\System32\ADVAPI32.dll
0x00007ffa3f6a0000 - 0x00007ffa3f73e000 	C:\WINDOWS\System32\msvcrt.dll
0x00007ffa40e10000 - 0x00007ffa40eac000 	C:\WINDOWS\System32\sechost.dll
0x00007ffa40720000 - 0x00007ffa40845000 	C:\WINDOWS\System32\RPCRT4.dll
0x00007ffa3fd70000 - 0x00007ffa3ff11000 	C:\WINDOWS\System32\USER32.dll
0x00007ffa3ec80000 - 0x00007ffa3eca2000 	C:\WINDOWS\System32\win32u.dll
0x00007ffa3f540000 - 0x00007ffa3f56b000 	C:\WINDOWS\System32\GDI32.dll
0x00007ffa3e840000 - 0x00007ffa3e94d000 	C:\WINDOWS\System32\gdi32full.dll
0x00007ffa3e950000 - 0x00007ffa3e9ed000 	C:\WINDOWS\System32\msvcp_win.dll
0x00007ffa3eb30000 - 0x00007ffa3ec30000 	C:\WINDOWS\System32\ucrtbase.dll
0x00007ffa2a210000 - 0x00007ffa2a4aa000 	C:\WINDOWS\WinSxS\amd64_microsoft.windows.common-controls_6595b64144ccf1df_6.0.19041.1110_none_60b5254171f9507e\COMCTL32.dll
0x00007ffa40eb0000 - 0x00007ffa40ee0000 	C:\WINDOWS\System32\IMM32.DLL
0x00007ffa207d0000 - 0x00007ffa208bf000 	C:\Program Files\Eclipse Adoptium\jdk-8.0.322.6-hotspot\jre\bin\msvcr120.dll
0x00007ffa17780000 - 0x00007ffa17826000 	C:\Program Files\Eclipse Adoptium\jdk-8.0.322.6-hotspot\jre\bin\msvcp120.dll
0x0000000056cb0000 - 0x0000000057521000 	C:\Program Files\Eclipse Adoptium\jdk-8.0.322.6-hotspot\jre\bin\server\jvm.dll
0x00007ffa40850000 - 0x00007ffa40858000 	C:\WINDOWS\System32\PSAPI.DLL
0x00007ffa2b290000 - 0x00007ffa2b299000 	C:\WINDOWS\SYSTEM32\WSOCK32.dll
0x00007ffa2b750000 - 0x00007ffa2b777000 	C:\WINDOWS\SYSTEM32\WINMM.dll
0x00007ffa320d0000 - 0x00007ffa320da000 	C:\WINDOWS\SYSTEM32\VERSION.dll
0x00007ffa40d40000 - 0x00007ffa40dab000 	C:\WINDOWS\System32\WS2_32.dll
0x00007ffa26260000 - 0x00007ffa2626f000 	C:\Program Files\Eclipse Adoptium\jdk-8.0.322.6-hotspot\jre\bin\verify.dll
0x00007ffa17940000 - 0x00007ffa17969000 	C:\Program Files\Eclipse Adoptium\jdk-8.0.322.6-hotspot\jre\bin\java.dll
0x00007ffa25900000 - 0x00007ffa25916000 	C:\Program Files\Eclipse Adoptium\jdk-8.0.322.6-hotspot\jre\bin\zip.dll

VM Arguments:
jvm_args: -Dsass.compiler.jni.clean.temp.dir=true -Dfile.encoding=UTF-8 -Duser.country=US -Duser.language=en -Duser.variant 
java_command: com.liferay.css.builder.CSSBuilder --append-css-import-timestamps=true --base-dir=C:/Users/sudha/liferay1/liferaytraining/modules/TrainingDemo1/build/tmp/copyCSS --dir-names=/ --excludes=**/_diffs/**,**/.sass-cache*/**,**/.sass_cache_*/**,**/_sass_cache_*/**,**/_styled/**,**/_unstyled/**,**/css/aui/**,**/css/clay/**,**/tmp/** --generate-source-map=false --import-paths=C:\Users\sudha\.gradle\caches\modules-2\files-2.1\com.liferay\com.liferay.frontend.css.common\6.0.4\b5c429a946a65ca9641d1f0f5f4542010837a8d0\com.liferay.frontend.css.common-6.0.4.jar --output-dir=.sass-cache/ --precision=9 --rtl-excluded-path-regexps=
java_class_path (initial): C:\Users\sudha\.gradle\caches\modules-2\files-2.1\com.liferay\com.liferay.css.builder\3.0.3\b57d5faed1a1c17833c60f6383257648372d282e\com.liferay.css.builder-3.0.3.jar;C:\Users\sudha\.gradle\caches\modules-2\files-2.1\com.liferay\com.liferay.sass.compiler.jni\2.0.9\b420698786a8ef03f28eb3c7894deec4a82a4cfe\com.liferay.sass.compiler.jni-2.0.9.jar;C:\Users\sudha\.gradle\caches\modules-2\files-2.1\com.liferay\com.liferay.sass.compiler.ruby\2.0.6\47198a15bf9aeb6597bbda3bb98f83b86a2caf5b\com.liferay.sass.compiler.ruby-2.0.6.jar;C:\Users\sudha\.gradle\caches\modules-2\files-2.1\org.codehaus.plexus\plexus-utils\3.0.15\519b3f1fc84d3387c61a8c8e6235daf89aea4168\plexus-utils-3.0.15.jar;C:\Users\sudha\.gradle\caches\modules-2\files-2.1\org.sonatype.plexus\plexus-build-api\0.0.7\e6ba5cd4bfd8de00235af936e7f63eb24ed436e6\plexus-build-api-0.0.7.jar;C:\Users\sudha\.gradle\caches\modules-2\files-2.1\com.liferay\com.liferay.sass.compiler.api\2.0.1\2b3816efa1f5c048f89b57dc7efc60b2747ce5eb\com.liferay.sass.compiler.api-2.0.1.jar;C:\Users\sudha\.gradle\caches\modules-2\files-2.1\org.jruby\jruby-complete\9.2.7.0\308120bca38f617e7b275af8ce0cbd9f0be66218\jruby-complete-9.2.7.0.jar
Launcher Type: SUN_STANDARD

Environment Variables:
JAVA_HOME=C:\Program Files\Eclipse Adoptium\jdk-8.0.322.6-hotspot\
PATH=C:/Program Files/Eclipse Adoptium/jdk-8.0.322.6-hotspot/bin/../jre/bin/server;C:/Program Files/Eclipse Adoptium/jdk-8.0.322.6-hotspot/bin/../jre/bin;C:/Program Files/Eclipse Adoptium/jdk-8.0.322.6-hotspot/bin/../jre/lib/amd64;C:\Program Files\ImageMagick-7.1.0-Q16-HDRI;C:\Program Files (x86)\VMware\VMware Player\bin\;C:\WINDOWS\system32;C:\WINDOWS;C:\WINDOWS\System32\Wbem;C:\WINDOWS\System32\WindowsPowerShell\v1.0\;C:\WINDOWS\System32\OpenSSH\;C:\Users\sudha\AppData\Roaming\Microsoft\Windows\Start Menu\Programs\Python 3.8;C:\Users\sudha\AppData\Local\Programs\Python\Python38\Scripts;C:\Users\sudha\AppData\Local\Programs\Python\Python38;C:\Program Files\Git\cmd;D:\flutter\bin;C:\Program Files\nodejs\;C:\Program Files\dotnet\;C:\Program Files\ArangoDB3e 3.8.3\usr\bin;C:\Program Files\Eclipse Adoptium\jdk-8.0.322.6-hotspot\bin;C:\Users\sudha\.jpm\windows\bin;C:\Program Files\MySQL\MySQL Shell 8.0\bin\;C:\Users\sudha\AppData\Local\Microsoft\WindowsApps;;C:\Users\sudha\AppData\Local\Programs\Microsoft VS Code\bin;C:\Users\sudha\AppData\Roaming\npm;C:\Program Files (x86)\LiferayWorkspacewithDevStudio\liferay-developer-studio;
USERNAME=sudha
OS=Windows_NT
PROCESSOR_IDENTIFIER=Intel64 Family 6 Model 158 Stepping 9, GenuineIntel



---------------  S Y S T E M  ---------------

OS: Windows 10.0 , 64 bit Build 19041 (10.0.19041.1466)

CPU:total 8 (initial active 8) (4 cores per cpu, 2 threads per core) family 6 model 158 stepping 9, cmov, cx8, fxsr, mmx, sse, sse2, sse3, ssse3, sse4.1, sse4.2, popcnt, avx, avx2, aes, clmul, erms, rtm, 3dnowpref, lzcnt, ht, tsc, tscinvbit, bmi1, bmi2, adx

Memory: 4k page, physical 16647516k(4139456k free), swap 18682568k(6060k free)

vm_info: OpenJDK 64-Bit Server VM (25.322-b06) for windows-amd64 JRE (1.8.0_322-b06), built on Jan 19 2022 07:06:38 by "jenkins" with MS VC++ 12.0 (VS2013)

time: Wed Feb 23 11:32:45 2022
timezone: India Standard Time
elapsed time: 0.022677 seconds (0d 0h 0m 0s)

